(0000) 3000  0011000000000000 (   1)                 .ORIG x3000
(3000) F023  1111000000100011 (   3)                 TRAP  x23
(3001) 56E0  0101011011100000 (   4)                 AND   R3 R3 #0
(3002) 2635  0010011000110101 (   5)                 LD    R3 HEXN30
(3003) 1003  0001000000000011 (   6)                 ADD   R0 R0 R3
(3004) 1220  0001001000100000 (   7)                 ADD   R1 R0 #0
(3005) F023  1111000000100011 (   8)                 TRAP  x23
(3006) 1003  0001000000000011 (   9)                 ADD   R0 R0 R3
(3007) 1401  0001010000000001 (  12)                 ADD   R2 R0 R1
(3008) E00D  1110000000001101 (  15)                 LEA   R0 MESG
(3009) F022  1111000000100010 (  16)                 TRAP  x22
(300A) 10A0  0001000010100000 (  17)                 ADD   R0 R2 #0
(300B) 262D  0010011000101101 (  18)                 LD    R3 HEX30
(300C) 1003  0001000000000011 (  19)                 ADD   R0 R0 R3
(300D) 2A2D  0010101000101101 (  21)                 LD    R5 m57
(300E) 1205  0001001000000101 (  22)                 ADD   R1 R0 R5
(300F) 0C04  0000110000000100 (  24)                 BRNZ  DONE
(3010) 1420  0001010000100000 (  25)                 ADD   R2 R0 #0
(3011) 2028  0010000000101000 (  26)                 LD    R0 p49
(3012) F021  1111000000100001 (  27)                 TRAP  x21
(3013) 10B6  0001000010110110 (  28)                 ADD   R0 R2 #-10
(3014) F021  1111000000100001 (  31) DONE            TRAP  x21
(3015) F025  1111000000100101 (  34)                 TRAP  x25
(3016) 0054  0000000001010100 (  37) MESG            .FILL x0054
(3017) 0068  0000000001101000 (  37)                 .FILL x0068
(3018) 0065  0000000001100101 (  37)                 .FILL x0065
(3019) 0020  0000000000100000 (  37)                 .FILL x0020
(301A) 0073  0000000001110011 (  37)                 .FILL x0073
(301B) 0075  0000000001110101 (  37)                 .FILL x0075
(301C) 006D  0000000001101101 (  37)                 .FILL x006D
(301D) 0020  0000000000100000 (  37)                 .FILL x0020
(301E) 006F  0000000001101111 (  37)                 .FILL x006F
(301F) 0066  0000000001100110 (  37)                 .FILL x0066
(3020) 0020  0000000000100000 (  37)                 .FILL x0020
(3021) 0074  0000000001110100 (  37)                 .FILL x0074
(3022) 0068  0000000001101000 (  37)                 .FILL x0068
(3023) 006F  0000000001101111 (  37)                 .FILL x006F
(3024) 0073  0000000001110011 (  37)                 .FILL x0073
(3025) 0065  0000000001100101 (  37)                 .FILL x0065
(3026) 0020  0000000000100000 (  37)                 .FILL x0020
(3027) 0074  0000000001110100 (  37)                 .FILL x0074
(3028) 0077  0000000001110111 (  37)                 .FILL x0077
(3029) 006F  0000000001101111 (  37)                 .FILL x006F
(302A) 0020  0000000000100000 (  37)                 .FILL x0020
(302B) 006E  0000000001101110 (  37)                 .FILL x006E
(302C) 0075  0000000001110101 (  37)                 .FILL x0075
(302D) 006D  0000000001101101 (  37)                 .FILL x006D
(302E) 0062  0000000001100010 (  37)                 .FILL x0062
(302F) 0065  0000000001100101 (  37)                 .FILL x0065
(3030) 0072  0000000001110010 (  37)                 .FILL x0072
(3031) 0073  0000000001110011 (  37)                 .FILL x0073
(3032) 0020  0000000000100000 (  37)                 .FILL x0020
(3033) 0069  0000000001101001 (  37)                 .FILL x0069
(3034) 0073  0000000001110011 (  37)                 .FILL x0073
(3035) 003A  0000000000111010 (  37)                 .FILL x003A
(3036) 0020  0000000000100000 (  37)                 .FILL x0020
(3037) 0000  0000000000000000 (  37)                 .FILL x0000
(3038) FFD0  1111111111010000 (  38) HEXN30          .FILL xFFD0
(3039) 0030  0000000000110000 (  39) HEX30           .FILL x0030
(303A) 0031  0000000000110001 (  40) p49             .FILL x0031
(303B) FFC7  1111111111000111 (  41) m57             .FILL xFFC7
